e0db8bD7dA06eFf7D68
f3A455A336225ceB239
c4fEDE3AffbBa52343f
798Da8Cf36d8dE646d5
3fff1BcC51E6A25eD1C
50BF0DCec9bf4C6067D
525f8bbc84ab24a840b
55db63BB20f0501b3F6
a5BDfb1699B4b1ff482
f6aBCdFBf2b7Bc5141d
01F46974BF7F0E1a213
9e5FCE3d8E8f5c340Df
cB246dC6aB8bb1E4df2
85628fb0f6fBad6DDdF
Dc03babC6Ca76B4F62A
bF9D7212DfC20fB4Ffa
f8092B304DaC636ccc1
BC258Fa4ed2fe4C0e4F
3eEfdfeCf62Cf099eDE
8a65bf1c5dB66E8daeA
aabF28cEaE0c1202a37
bF3f3975Ad6a1C3e84B
C2895f9aE1a177CEd0A
C1c3dDCEDe326587dEB
6fbC29E3b3eFCF52F3B
7607c1Aa26d3bDc4Dcd
F090f37FdaB509D6ecf
dafe6d57902b3a077D5
964cdD4Ea00f14DCC0b
E5CE92C196A1A953d7a
1B5B17DE15bD18F33Db
c933d68b6CAcfb8e949
FFc5E593AdB532fCADB
2d5CB4aCb436a029f7F
B51EbAC8FceDcE94BdA
7d8AA8030C935c6A3Ef
A14Fdb650A726D5cFdc
bbBBe5DaAEfe0d14cDd
C3bB92BeA1e595deEA2
c9eF9f3826a494412bf
6Bdf44CDBFFeDf5feA3
CB6a2e3faCa8fDa7f58
b3298ae3Be2e3DA1c90
bAC5D5D88A791C5Ba2E
8EA46B0723c4B4FEBFe
07EAA810Ae8dF7fdE7B
bBEc2e6eDc695c7D8E0
e43b5C4Ef78BFdd8bf1
FEb0FdEcf9cDE72b24d
4731c25dcED7eFD48a0
b767Cff260BDA6B45da
dFDf1D2efc8eF322576
7Fea913ca175CDD1Dab
C7AADAafDB241C1F6cD
2fbc95Df612d6Ca4533
5C2fC39FbbBbd9Ab26D
4Ce5bEdbAdcC4AdC13A
fe7320fD421D3aBd8FD
18dC6ABA51c72B5aB1B
aC3bbb724BD38ac9aC5
c369B4e3CaE14eccdB7
6eBfF6c6c0B05d1ECE6
ecb11C5c6439ca42Ae9
f9DB05EfaB2f43cf6Ba
40cf7315dc9dfEE810e
C0c885635AD5dDb0FC8
4a72dd489dBb01Cfdad
E8C81a051E02a6BE357
63Afafd0e8840A0829A
8Aa43ee78aC06Baee90
8587d4171A9B773A774
eAD7Dc496D9dB654a7A
cE1bFbdfbA1a3CAbB9d
4FA6ce7C6b8E1E857Af
cfFf8ca9e90976Ae475
8Aa9AF866B9b9D19B7B
8555E5Cae0DCfE7eCDb
51fAb7F233C923b05B7
a043C2Eb95d4EFAfA03
4AfC866De43Dbed3dC6
a61d36bB4F7b5bf12CD
abA3D126E8256D198E6
36f2C90CBeb8aD6b25e
DaAc6E387F2f24DFE2e
C93DD8C3e1f00a6bf5E
F0Abfa5f94Daa88BCE7
ec0aDb5cCAbc8fA2Bda
8E8685632411b7d3573
9EbEAFEa7e680625BFC
DeDE361Abeead2FD4f0
13bBb8b3D2BB9e507EA
EBaF6eE7437A3FC36c4
f2a2a9CF95A7cB47E34
00EF1D6AfB0bCe78eDf
2a83De9ecEF661EfeeD
E155295AAEdeEeeFfF1
78f82eeFA5dfa66d4De
fAEbDBFCB26dfEf8Cdf
Bb113bD9Ea1647FFfDf
9BEaABd8D6D99DFCbE6
b001E768BfFD1329Ce1
0be3595f7cFd504dc7b
cbe0EfBFd191E4fAa59
2EC8d7efDEd41246856
30A4f9Aa6CA9ADcFEa6
0cDDEefF2392E23a26f
84d09F7970ecF1ece7a
e93fec4dDaC18d4a5eF
c1d2bf26F52ee30b802
d7DfdbfeD3eB41867E3
6454EFAB68F83ea1FeF
D95E35851EAf93b4D0d
BcD6F0A8E6eb3cC5FF4
1E41cc3Bf8Ce99Eb0d1
BEbbacAe917c83EA236
bE5e7d84D7f6f8aE0F5
Cf2e1A963E2Ac488A9c
3f2035d916f4d6d2DbB
aFED1AFdd77DC05e7aC
1d2CD9a9eEFCdD5c378
83f601cc5DBa5812CC3
b2EBB06CDBe3DD63eFF
69eAF1bfFCFb8645f72
bc582C2A2e601Ed5DC1
62Dc7fF17FEd1A3feed
feBbeab50C9D43Ca967
Db7a2B1Fa8aADdDeeDd
f50cD5EFf0a5685a22d
2C5e049752737a1aC2B
a5fE527B5adbf38e16e
c18Ce8ff530825De72C
BE158b6Fb795eda970b
Adeed20C047e56cC9DC
8cBd95eB0CbD891124e
54ba272666D271c5ac9
9E46CA2e9Bf3C8f55Ee
bf64f1Bedf9aF7C8Eab
E5Bb9ddE30FE8AB1540
7C90ADD6665ADB4E99F
E2b9D04A7Fd6ADfEE7e
c09aB2bcCeEE8cCbe1C
c4FdD90eE914Af84A15
b39fB13B9fc5beADF7d
59ad4beDCe6ecf2F9AB
4A30bD9e46FA8bEfBb2
DA5C81A4F72ce34BE19
c5b29e1d0c1ACad51bE
E7c29D0C5CDaA3E8DCA
7875e4d0ba7D067Cd4f
32deBe0a7cB2ccF6Eff
b8FDecdf17E8Fc24Ffb
972AF9ab7d01B6Ddf05
F0c36Ab542e40FC7Ca5
29295ef63F8CC95C806
04AA00540bFF8232fdd
a1A64bB31daBc9023A4
887BC4C25dF9E649e8e
2DF4d4Af79cfBB7A90B
cc5cbEF41BafDcAdCeB
3a14d91fE5bcdcC30De
3aF0Ecc8a5bcDb3cAEF
E8CaF0E35e195dae2E4
81c376B338AeCCE8bcC
E60fDeADFAB559ca5e1
CeE2BB60A37e0451eCE
43528DA0D5AADD5DA77
cE6545DCF29d9E04A27
bAE2e72D333Cc52Cd01
f1BC3B6D6CE2ce6e80c
8FD71Eb59dA36CEfF20
CDB3ed3a421BBE0EF61
E5D7399D1e1fC54a78e
5Da7f1094C0e1751E0A
d155c4F249b80Fe6Ab7
707E7FB7520f6bdA08e
f3E91a887947D51762B
fE3003Bf1703B4d1a03
63EC3F343Dff19eEa03
bCeE38cFf1ffeb7a799
88cf7bE5f6235Eb976F
07b5f10AfC9d96b5F3E
DADD41BF55FCC01A7d1
24c2BaBeADC44E5680e
b8Dabdd1F2D127f47c0
d82194F306DdcBcbb4d
eBDF24aDDc8776D38a7
0Fcad665AbC67E9BbeB
cd8ebb7dCceb056A0CB
33E7004bdBc42ab5A8F
5aDA62e9ce5dda2778b
edA9830F43A061e78C7
E9c7DFD6ed2331cCf98
2DfA12CcaCe12Bca094
a5747aa2E3c4e4aDa1B
1BAA53a7e1Cae09B3F2
aEf0B0F1ACabe77e8bF
5cDe5D9CCc7E7ad5fa6
CaceCC14EdEafa9bdfE
f0BCe24EfB67c4d089d
f5Ede03818E41e2c99a
d80A88f9A5f7A065b9F
ae619B557bDBF59A4Bb
F0EB9cE7DB1EBC1cD87
cFAB7Ebe6012069c366
fDCA4DaA56dA4Fd02Cc
B74BAe2f17d807d5FBE
06A9cCf7dB2C8afFBbf
8F814B9cf5f6FA269B6
A763b1825BFDDfDE34a
53370BBaf534110Dbcb
B145fCA77DBfdB036b6
Fbce6BD26Ac514ccFdd
7Ef13D0BAAb8D06adCb
FDFDfDb7E7C67d2E2C3
BA3EA1acFAff852Dcab
a629Bd2Dd0b4EB9Ea97
Ce1dDb04d95B1a1a38d
9231AEdb2e47c6133fe
3aEcAF0046bE11ffdC0
f18648Dacad2e1Bb7f6
F3AAd66884C20a9E8F3
4eDfCeCAF8b52FbEc4B
9D3Bfe11Fecb3477892
fAdf522dFa0cEBDAC64
cdabBDAa0c6FceafAaA
feEdEe7739e6cDFCe2C
BAf2D63F65c4eDecD0d
3AEfdAE5FA2A4caECbC
C5EED4bb559E9fFbDdE
B9a5fdfCBfcd61abdbd
08df27777Af66BABebf
4a5a1C850FEcdcE6D5E
38A74c3d6DafCAE8aeC
f1BdE5E3dFC72aC1CFb
d6D4D99DfCf5F6BaE8A
63f21EeB3D3def53FEE
00a0efb8A8DB4b533Dc
e9acD7bCDDD48B13B39
A46C4F8Fb6aA415d0e2
bD80B5F2FCbBA13c2c6
E4b7C0bbAbE4C0b4e5E
A5aeFF3924CAd3ADc19
cCa4956FD5FFebdaCf9
23FDDf8Be21bc4c2BfD
A27Ada941138CD1C30B
a85b689070EbcC3EFC2
A5e5ddeADEFb33b5196
fb8C1fCCBe2EAB2BBCA
dc2FB21eea99D6bF642
eedcDaFb0fDD08fDfe0
Ac3adCf0B21CA6b56dA
f8A48dc02bA19B34A8b
c73Bb0dfAdDA0dAd2fE
f9eB6dc7bf6ab8D54f2
b6EA19dbda07fEb9FBB
90CD89eC0e627a2cA0F
f815F5ABed76c8AB5E7
4a4AE5f6c3ae24a6776
d3D7d4A9A7325f5EaAD
02d8ED2Ed2CcE40bA3D
bBFDa2c8dfBFa7E5ccc
5CBaA3234ba3799495f
74A884c3bf1e366C9E0
b2CBeFbaaAf7c19023D
cC655F3C879aeeE765F
2Fa1BC17a11cB329aE2
55f7D23f778c16D14bC
c582bBe2EEcd3CBE7Fb
06C3bba5f9DDcF85B66
D86Fb37Aacd945bf0E4
11bfc7eB0c44dc47F75
B06f11b47dDE7D2b9C3
FeDFe9F7D0dD9d9Ccd7
d9935FCFF2EcbDEcC14
AF0D5347c1CcA7891f7
6A856ABCAb6fB9d9834
4fdBCb10B6c6fE8fd35
f2b2B9aF72bfe10Aa91
96ce1dBE6E09EcFa3Ab
65d036696284E9aadfb
2f38fBaf8D97587bE78
05cb5a4A6f4F7DC9bC1
aAdaCfdd85d3AD5C8eF
A3B2acea7c49Fbf1BA3
C434dCB8D98A1Bbd685
3D06E5F1eC7CD6DFC8c
CACCfFd59d73d7A8014
30d0ebad6f9B4dFaceE
C58d5E0a49BB2eD2EBD
363bC5CDfFbEba3af70
BbCe074fd60FbeA1427
Df8fedcaDF824C0E4fE
aB959eB108c3353AfA7
C68db44eD01784525Be
03B7CfFfe47De3F4370
D985DcE718bBCf446d4
dBd82eD20AceCBBf4Ad
eDd2f68d8d98f3E875e
AD69F2D3B01Bd3d4B02
F87baaBD0F630B84B3a
